[09-Jun-2016 08:03:29 UTC] PHP Parse error:  syntax error, unexpected 'task' (T_STRING) in /home/ubuntu/workspace/quickstart/storage/framework/views/b75e989173536d72a6fde299374bfae339d06f7e.php on line 23
[09-Jun-2016 08:03:29 UTC] PHP Stack trace:
[09-Jun-2016 08:03:29 UTC] PHP   1. {main}() /home/ubuntu/workspace/quickstart/public/index.php:0
[09-Jun-2016 08:03:29 UTC] PHP   2. Illuminate\Foundation\Http\Kernel->handle() /home/ubuntu/workspace/quickstart/public/index.php:54
[09-Jun-2016 08:03:29 UTC] PHP   3. Illuminate\Foundation\Http\Kernel->sendRequestThroughRouter() /home/ubuntu/workspace/quickstart/vendor/laravel/framework/src/Illuminate/Foundation/Http/Kernel.php:99
[09-Jun-2016 08:03:29 UTC] PHP   4. Illuminate\Pipeline\Pipeline->then() /home/ubuntu/workspace/quickstart/vendor/laravel/framework/src/Illuminate/Foundation/Http/Kernel.php:132
[09-Jun-2016 08:03:29 UTC] PHP   5. call_user_func:{/home/ubuntu/workspace/quickstart/vendor/laravel/framework/src/Illuminate/Pipeline/Pipeline.php:103}() /home/ubuntu/workspace/quickstart/vendor/laravel/framework/src/Illuminate/Pipeline/Pipeline.php:103
[09-Jun-2016 08:03:29 UTC] PHP   6. Illuminate\Routing\Pipeline->Illuminate\Routing\{closure}() /home/ubuntu/workspace/quickstart/vendor/laravel/framework/src/Illuminate/Pipeline/Pipeline.php:103
[09-Jun-2016 08:03:29 UTC] PHP   7. call_user_func:{/home/ubuntu/workspace/quickstart/vendor/laravel/framework/src/Illuminate/Routing/Pipeline.php:32}() /home/ubuntu/workspace/quickstart/vendor/laravel/framework/src/Illuminate/Routing/Pipeline.php:32
[09-Jun-2016 08:03:29 UTC] PHP   8. Illuminate\Pipeline\Pipeline->Illuminate\Pipeline\{closure}() /home/ubuntu/workspace/quickstart/vendor/laravel/framework/src/Illuminate/Routing/Pipeline.php:32
[09-Jun-2016 08:03:29 UTC] PHP   9. call_user_func_array:{/home/ubuntu/workspace/quickstart/vendor/laravel/framework/src/Illuminate/Pipeline/Pipeline.php:136}() /home/ubuntu/workspace/quickstart/vendor/laravel/framework/src/Illuminate/Pipeline/Pipeline.php:136
[09-Jun-2016 08:03:29 UTC] PHP  10. Illuminate\Foundation\Http\Middleware\CheckForMaintenanceMode->handle() /home/ubuntu/workspace/quickstart/vendor/laravel/framework/src/Illuminate/Pipeline/Pipeline.php:136
[09-Jun-2016 08:03:29 UTC] PHP  11. Illuminate\Routing\Pipeline->Illuminate\Routing\{closure}() /home/ubuntu/workspace/quickstart/vendor/laravel/framework/src/Illuminate/Foundation/Http/Middleware/CheckForMaintenanceMode.php:44
[09-Jun-2016 08:03:29 UTC] PHP  12. call_user_func:{/home/ubuntu/workspace/quickstart/vendor/laravel/framework/src/Illuminate/Routing/Pipeline.php:52}() /home/ubuntu/workspace/quickstart/vendor/laravel/framework/src/Illuminate/Routing/Pipeline.php:52
[09-Jun-2016 08:03:29 UTC] PHP  13. Illuminate\Foundation\Http\Kernel->Illuminate\Foundation\Http\{closure}() /home/ubuntu/workspace/quickstart/vendor/laravel/framework/src/Illuminate/Routing/Pipeline.php:52
[09-Jun-2016 08:03:29 UTC] PHP  14. Illuminate\Routing\Router->dispatch() /home/ubuntu/workspace/quickstart/vendor/laravel/framework/src/Illuminate/Foundation/Http/Kernel.php:246
[09-Jun-2016 08:03:29 UTC] PHP  15. Illuminate\Routing\Router->dispatchToRoute() /home/ubuntu/workspace/quickstart/vendor/laravel/framework/src/Illuminate/Routing/Router.php:675
[09-Jun-2016 08:03:29 UTC] PHP  16. Illuminate\Routing\Router->runRouteWithinStack() /home/ubuntu/workspace/quickstart/vendor/laravel/framework/src/Illuminate/Routing/Router.php:699
[09-Jun-2016 08:03:29 UTC] PHP  17. Illuminate\Pipeline\Pipeline->then() /home/ubuntu/workspace/quickstart/vendor/laravel/framework/src/Illuminate/Routing/Router.php:726
[09-Jun-2016 08:03:29 UTC] PHP  18. call_user_func:{/home/ubuntu/workspace/quickstart/vendor/laravel/framework/src/Illuminate/Pipeline/Pipeline.php:103}() /home/ubuntu/workspace/quickstart/vendor/laravel/framework/src/Illuminate/Pipeline/Pipeline.php:103
[09-Jun-2016 08:03:29 UTC] PHP  19. Illuminate\Routing\Pipeline->Illuminate\Routing\{closure}() /home/ubuntu/workspace/quickstart/vendor/laravel/framework/src/Illuminate/Pipeline/Pipeline.php:103
[09-Jun-2016 08:03:29 UTC] PHP  20. call_user_func:{/home/ubuntu/workspace/quickstart/vendor/laravel/framework/src/Illuminate/Routing/Pipeline.php:32}() /home/ubuntu/workspace/quickstart/vendor/laravel/framework/src/Illuminate/Routing/Pipeline.php:32
[09-Jun-2016 08:03:29 UTC] PHP  21. Illuminate\Pipeline\Pipeline->Illuminate\Pipeline\{closure}() /home/ubuntu/workspace/quickstart/vendor/laravel/framework/src/Illuminate/Routing/Pipeline.php:32
[09-Jun-2016 08:03:29 UTC] PHP  22. call_user_func_array:{/home/ubuntu/workspace/quickstart/vendor/laravel/framework/src/Illuminate/Pipeline/Pipeline.php:136}() /home/ubuntu/workspace/quickstart/vendor/laravel/framework/src/Illuminate/Pipeline/Pipeline.php:136
[09-Jun-2016 08:03:29 UTC] PHP  23. Illuminate\Cookie\Middleware\EncryptCookies->handle() /home/ubuntu/workspace/quickstart/vendor/laravel/framework/src/Illuminate/Pipeline/Pipeline.php:136
[09-Jun-2016 08:03:29 UTC] PHP  24. Illuminate\Routing\Pipeline->Illuminate\Routing\{closure}() /home/ubuntu/workspace/quickstart/vendor/laravel/framework/src/Illuminate/Cookie/Middleware/EncryptCookies.php:59
[09-Jun-2016 08:03:29 UTC] PHP  25. call_user_func:{/home/ubuntu/workspace/quickstart/vendor/laravel/framework/src/Illuminate/Routing/Pipeline.php:32}() /home/ubuntu/workspace/quickstart/vendor/laravel/framework/src/Illuminate/Routing/Pipeline.php:32
[09-Jun-2016 08:03:29 UTC] PHP  26. Illuminate\Pipeline\Pipeline->Illuminate\Pipeline\{closure}() /home/ubuntu/workspace/quickstart/vendor/laravel/framework/src/Illuminate/Routing/Pipeline.php:32
[09-Jun-2016 08:03:29 UTC] PHP  27. call_user_func_array:{/home/ubuntu/workspace/quickstart/vendor/laravel/framework/src/Illuminate/Pipeline/Pipeline.php:136}() /home/ubuntu/workspace/quickstart/vendor/laravel/framework/src/Illuminate/Pipeline/Pipeline.php:136
[09-Jun-2016 08:03:29 UTC] PHP  28. Illuminate\Cookie\Middleware\AddQueuedCookiesToResponse->handle() /home/ubuntu/workspace/quickstart/vendor/laravel/framework/src/Illuminate/Pipeline/Pipeline.php:136
[09-Jun-2016 08:03:29 UTC] PHP  29. Illuminate\Routing\Pipeline->Illuminate\Routing\{closure}() /home/ubuntu/workspace/quickstart/vendor/laravel/framework/src/Illuminate/Cookie/Middleware/AddQueuedCookiesToResponse.php:37
[09-Jun-2016 08:03:29 UTC] PHP  30. call_user_func:{/home/ubuntu/workspace/quickstart/vendor/laravel/framework/src/Illuminate/Routing/Pipeline.php:32}() /home/ubuntu/workspace/quickstart/vendor/laravel/framework/src/Illuminate/Routing/Pipeline.php:32
[09-Jun-2016 08:03:29 UTC] PHP  31. Illuminate\Pipeline\Pipeline->Illuminate\Pipeline\{closure}() /home/ubuntu/workspace/quickstart/vendor/laravel/framework/src/Illuminate/Routing/Pipeline.php:32
[09-Jun-2016 08:03:29 UTC] PHP  32. call_user_func_array:{/home/ubuntu/workspace/quickstart/vendor/laravel/framework/src/Illuminate/Pipeline/Pipeline.php:136}() /home/ubuntu/workspace/quickstart/vendor/laravel/framework/src/Illuminate/Pipeline/Pipeline.php:136
[09-Jun-2016 08:03:29 UTC] PHP  33. Illuminate\Session\Middleware\StartSession->handle() /home/ubuntu/workspace/quickstart/vendor/laravel/framework/src/Illuminate/Pipeline/Pipeline.php:136
[09-Jun-2016 08:03:29 UTC] PHP  34. Illuminate\Routing\Pipeline->Illuminate\Routing\{closure}() /home/ubuntu/workspace/quickstart/vendor/laravel/framework/src/Illuminate/Session/Middleware/StartSession.php:62
[09-Jun-2016 08:03:29 UTC] PHP  35. call_user_func:{/home/ubuntu/workspace/quickstart/vendor/laravel/framework/src/Illuminate/Routing/Pipeline.php:32}() /home/ubuntu/workspace/quickstart/vendor/laravel/framework/src/Illuminate/Routing/Pipeline.php:32
[09-Jun-2016 08:03:29 UTC] PHP  36. Illuminate\Pipeline\Pipeline->Illuminate\Pipeline\{closure}() /home/ubuntu/workspace/quickstart/vendor/laravel/framework/src/Illuminate/Routing/Pipeline.php:32
[09-Jun-2016 08:03:29 UTC] PHP  37. call_user_func_array:{/home/ubuntu/workspace/quickstart/vendor/laravel/framework/src/Illuminate/Pipeline/Pipeline.php:136}() /home/ubuntu/workspace/quickstart/vendor/laravel/framework/src/Illuminate/Pipeline/Pipeline.php:136
[09-Jun-2016 08:03:29 UTC] PHP  38. Illuminate\View\Middleware\ShareErrorsFromSession->handle() /home/ubuntu/workspace/quickstart/vendor/laravel/framework/src/Illuminate/Pipeline/Pipeline.php:136
[09-Jun-2016 08:03:29 UTC] PHP  39. Illuminate\Routing\Pipeline->Illuminate\Routing\{closure}() /home/ubuntu/workspace/quickstart/vendor/laravel/framework/src/Illuminate/View/Middleware/ShareErrorsFromSession.php:49
[09-Jun-2016 08:03:29 UTC] PHP  40. call_user_func:{/home/ubuntu/workspace/quickstart/vendor/laravel/framework/src/Illuminate/Routing/Pipeline.php:32}() /home/ubuntu/workspace/quickstart/vendor/laravel/framework/src/Illuminate/Routing/Pipeline.php:32
[09-Jun-2016 08:03:29 UTC] PHP  41. Illuminate\Pipeline\Pipeline->Illuminate\Pipeline\{closure}() /home/ubuntu/workspace/quickstart/vendor/laravel/framework/src/Illuminate/Routing/Pipeline.php:32
[09-Jun-2016 08:03:29 UTC] PHP  42. call_user_func_array:{/home/ubuntu/workspace/quickstart/vendor/laravel/framework/src/Illuminate/Pipeline/Pipeline.php:136}() /home/ubuntu/workspace/quickstart/vendor/laravel/framework/src/Illuminate/Pipeline/Pipeline.php:136
[09-Jun-2016 08:03:29 UTC] PHP  43. Illuminate\Foundation\Http\Middleware\VerifyCsrfToken->handle() /home/ubuntu/workspace/quickstart/vendor/laravel/framework/src/Illuminate/Pipeline/Pipeline.php:136
[09-Jun-2016 08:03:29 UTC] PHP  44. Illuminate\Routing\Pipeline->Illuminate\Routing\{closure}() /home/ubuntu/workspace/quickstart/vendor/laravel/framework/src/Illuminate/Foundation/Http/Middleware/VerifyCsrfToken.php:64
[09-Jun-2016 08:03:29 UTC] PHP  45. call_user_func:{/home/ubuntu/workspace/quickstart/vendor/laravel/framework/src/Illuminate/Routing/Pipeline.php:32}() /home/ubuntu/workspace/quickstart/vendor/laravel/framework/src/Illuminate/Routing/Pipeline.php:32
[09-Jun-2016 08:03:29 UTC] PHP  46. Illuminate\Pipeline\Pipeline->Illuminate\Pipeline\{closure}() /home/ubuntu/workspace/quickstart/vendor/laravel/framework/src/Illuminate/Routing/Pipeline.php:32
[09-Jun-2016 08:03:29 UTC] PHP  47. call_user_func_array:{/home/ubuntu/workspace/quickstart/vendor/laravel/framework/src/Illuminate/Pipeline/Pipeline.php:136}() /home/ubuntu/workspace/quickstart/vendor/laravel/framework/src/Illuminate/Pipeline/Pipeline.php:136
[09-Jun-2016 08:03:29 UTC] PHP  48. Illuminate\Cookie\Middleware\EncryptCookies->handle() /home/ubuntu/workspace/quickstart/vendor/laravel/framework/src/Illuminate/Pipeline/Pipeline.php:136
[09-Jun-2016 08:03:29 UTC] PHP  49. Illuminate\Routing\Pipeline->Illuminate\Routing\{closure}() /home/ubuntu/workspace/quickstart/vendor/laravel/framework/src/Illuminate/Cookie/Middleware/EncryptCookies.php:59
[09-Jun-2016 08:03:29 UTC] PHP  50. call_user_func:{/home/ubuntu/workspace/quickstart/vendor/laravel/framework/src/Illuminate/Routing/Pipeline.php:32}() /home/ubuntu/workspace/quickstart/vendor/laravel/framework/src/Illuminate/Routing/Pipeline.php:32
[09-Jun-2016 08:03:29 UTC] PHP  51. Illuminate\Pipeline\Pipeline->Illuminate\Pipeline\{closure}() /home/ubuntu/workspace/quickstart/vendor/laravel/framework/src/Illuminate/Routing/Pipeline.php:32
[09-Jun-2016 08:03:29 UTC] PHP  52. call_user_func_array:{/home/ubuntu/workspace/quickstart/vendor/laravel/framework/src/Illuminate/Pipeline/Pipeline.php:136}() /home/ubuntu/workspace/quickstart/vendor/laravel/framework/src/Illuminate/Pipeline/Pipeline.php:136
[09-Jun-2016 08:03:29 UTC] PHP  53. Illuminate\Cookie\Middleware\AddQueuedCookiesToResponse->handle() /home/ubuntu/workspace/quickstart/vendor/laravel/framework/src/Illuminate/Pipeline/Pipeline.php:136
[09-Jun-2016 08:03:29 UTC] PHP  54. Illuminate\Routing\Pipeline->Illuminate\Routing\{closure}() /home/ubuntu/workspace/quickstart/vendor/laravel/framework/src/Illuminate/Cookie/Middleware/AddQueuedCookiesToResponse.php:37
[09-Jun-2016 08:03:29 UTC] PHP  55. call_user_func:{/home/ubuntu/workspace/quickstart/vendor/laravel/framework/src/Illuminate/Routing/Pipeline.php:32}() /home/ubuntu/workspace/quickstart/vendor/laravel/framework/src/Illuminate/Routing/Pipeline.php:32
[09-Jun-2016 08:03:29 UTC] PHP  56. Illuminate\Pipeline\Pipeline->Illuminate\Pipeline\{closure}() /home/ubuntu/workspace/quickstart/vendor/laravel/framework/src/Illuminate/Routing/Pipeline.php:32
[09-Jun-2016 08:03:29 UTC] PHP  57. call_user_func_array:{/home/ubuntu/workspace/quickstart/vendor/laravel/framework/src/Illuminate/Pipeline/Pipeline.php:136}() /home/ubuntu/workspace/quickstart/vendor/laravel/framework/src/Illuminate/Pipeline/Pipeline.php:136
[09-Jun-2016 08:03:29 UTC] PHP  58. Illuminate\Session\Middleware\StartSession->handle() /home/ubuntu/workspace/quickstart/vendor/laravel/framework/src/Illuminate/Pipeline/Pipeline.php:136
[09-Jun-2016 08:03:29 UTC] PHP  59. Illuminate\Routing\Pipeline->Illuminate\Routing\{closure}() /home/ubuntu/workspace/quickstart/vendor/laravel/framework/src/Illuminate/Session/Middleware/StartSession.php:62
[09-Jun-2016 08:03:29 UTC] PHP  60. call_user_func:{/home/ubuntu/workspace/quickstart/vendor/laravel/framework/src/Illuminate/Routing/Pipeline.php:32}() /home/ubuntu/workspace/quickstart/vendor/laravel/framework/src/Illuminate/Routing/Pipeline.php:32
[09-Jun-2016 08:03:29 UTC] PHP  61. Illuminate\Pipeline\Pipeline->Illuminate\Pipeline\{closure}() /home/ubuntu/workspace/quickstart/vendor/laravel/framework/src/Illuminate/Routing/Pipeline.php:32
[09-Jun-2016 08:03:29 UTC] PHP  62. call_user_func_array:{/home/ubuntu/workspace/quickstart/vendor/laravel/framework/src/Illuminate/Pipeline/Pipeline.php:136}() /home/ubuntu/workspace/quickstart/vendor/laravel/framework/src/Illuminate/Pipeline/Pipeline.php:136
[09-Jun-2016 08:03:29 UTC] PHP  63. Illuminate\View\Middleware\ShareErrorsFromSession->handle() /home/ubuntu/workspace/quickstart/vendor/laravel/framework/src/Illuminate/Pipeline/Pipeline.php:136
[09-Jun-2016 08:03:29 UTC] PHP  64. Illuminate\Routing\Pipeline->Illuminate\Routing\{closure}() /home/ubuntu/workspace/quickstart/vendor/laravel/framework/src/Illuminate/View/Middleware/ShareErrorsFromSession.php:49
[09-Jun-2016 08:03:29 UTC] PHP  65. call_user_func:{/home/ubuntu/workspace/quickstart/vendor/laravel/framework/src/Illuminate/Routing/Pipeline.php:32}() /home/ubuntu/workspace/quickstart/vendor/laravel/framework/src/Illuminate/Routing/Pipeline.php:32
[09-Jun-2016 08:03:29 UTC] PHP  66. Illuminate\Pipeline\Pipeline->Illuminate\Pipeline\{closure}() /home/ubuntu/workspace/quickstart/vendor/laravel/framework/src/Illuminate/Routing/Pipeline.php:32
[09-Jun-2016 08:03:29 UTC] PHP  67. call_user_func_array:{/home/ubuntu/workspace/quickstart/vendor/laravel/framework/src/Illuminate/Pipeline/Pipeline.php:136}() /home/ubuntu/workspace/quickstart/vendor/laravel/framework/src/Illuminate/Pipeline/Pipeline.php:136
[09-Jun-2016 08:03:29 UTC] PHP  68. Illuminate\Foundation\Http\Middleware\VerifyCsrfToken->handle() /home/ubuntu/workspace/quickstart/vendor/laravel/framework/src/Illuminate/Pipeline/Pipeline.php:136
[09-Jun-2016 08:03:29 UTC] PHP  69. Illuminate\Routing\Pipeline->Illuminate\Routing\{closure}() /home/ubuntu/workspace/quickstart/vendor/laravel/framework/src/Illuminate/Foundation/Http/Middleware/VerifyCsrfToken.php:64
[09-Jun-2016 08:03:29 UTC] PHP  70. call_user_func:{/home/ubuntu/workspace/quickstart/vendor/laravel/framework/src/Illuminate/Routing/Pipeline.php:52}() /home/ubuntu/workspace/quickstart/vendor/laravel/framework/src/Illuminate/Routing/Pipeline.php:52
[09-Jun-2016 08:03:29 UTC] PHP  71. Illuminate\Routing\Router->Illuminate\Routing\{closure}() /home/ubuntu/workspace/quickstart/vendor/laravel/framework/src/Illuminate/Routing/Pipeline.php:52
[09-Jun-2016 08:03:29 UTC] PHP  72. Illuminate\Routing\Route->run() /home/ubuntu/workspace/quickstart/vendor/laravel/framework/src/Illuminate/Routing/Router.php:724
[09-Jun-2016 08:03:29 UTC] PHP  73. Illuminate\Routing\Route->runController() /home/ubuntu/workspace/quickstart/vendor/laravel/framework/src/Illuminate/Routing/Route.php:140
[09-Jun-2016 08:03:29 UTC] PHP  74. Illuminate\Routing\ControllerDispatcher->dispatch() /home/ubuntu/workspace/quickstart/vendor/laravel/framework/src/Illuminate/Routing/Route.php:174
[09-Jun-2016 08:03:29 UTC] PHP  75. Illuminate\Routing\ControllerDispatcher->callWithinStack() /home/ubuntu/workspace/quickstart/vendor/laravel/framework/src/Illuminate/Routing/ControllerDispatcher.php:54
[09-Jun-2016 08:03:29 UTC] PHP  76. Illuminate\Pipeline\Pipeline->then() /home/ubuntu/workspace/quickstart/vendor/laravel/framework/src/Illuminate/Routing/ControllerDispatcher.php:96
[09-Jun-2016 08:03:29 UTC] PHP  77. call_user_func:{/home/ubuntu/workspace/quickstart/vendor/laravel/framework/src/Illuminate/Pipeline/Pipeline.php:103}() /home/ubuntu/workspace/quickstart/vendor/laravel/framework/src/Illuminate/Pipeline/Pipeline.php:103
[09-Jun-2016 08:03:29 UTC] PHP  78. Illuminate\Routing\Pipeline->Illuminate\Routing\{closure}() /home/ubuntu/workspace/quickstart/vendor/laravel/framework/src/Illuminate/Pipeline/Pipeline.php:103
[09-Jun-2016 08:03:29 UTC] PHP  79. call_user_func:{/home/ubuntu/workspace/quickstart/vendor/laravel/framework/src/Illuminate/Routing/Pipeline.php:32}() /home/ubuntu/workspace/quickstart/vendor/laravel/framework/src/Illuminate/Routing/Pipeline.php:32
[09-Jun-2016 08:03:29 UTC] PHP  80. Illuminate\Pipeline\Pipeline->Illuminate\Pipeline\{closure}() /home/ubuntu/workspace/quickstart/vendor/laravel/framework/src/Illuminate/Routing/Pipeline.php:32
[09-Jun-2016 08:03:29 UTC] PHP  81. call_user_func_array:{/home/ubuntu/workspace/quickstart/vendor/laravel/framework/src/Illuminate/Pipeline/Pipeline.php:136}() /home/ubuntu/workspace/quickstart/vendor/laravel/framework/src/Illuminate/Pipeline/Pipeline.php:136
[09-Jun-2016 08:03:29 UTC] PHP  82. App\Http\Middleware\Authenticate->handle() /home/ubuntu/workspace/quickstart/vendor/laravel/framework/src/Illuminate/Pipeline/Pipeline.php:136
[09-Jun-2016 08:03:29 UTC] PHP  83. Illuminate\Routing\Pipeline->Illuminate\Routing\{closure}() /home/ubuntu/workspace/quickstart/app/Http/Middleware/Authenticate.php:28
[09-Jun-2016 08:03:29 UTC] PHP  84. call_user_func:{/home/ubuntu/workspace/quickstart/vendor/laravel/framework/src/Illuminate/Routing/Pipeline.php:52}() /home/ubuntu/workspace/quickstart/vendor/laravel/framework/src/Illuminate/Routing/Pipeline.php:52
[09-Jun-2016 08:03:29 UTC] PHP  85. Illuminate\Routing\ControllerDispatcher->Illuminate\Routing\{closure}() /home/ubuntu/workspace/quickstart/vendor/laravel/framework/src/Illuminate/Routing/Pipeline.php:52
[09-Jun-2016 08:03:29 UTC] PHP  86. Illuminate\Routing\Router->prepareResponse() /home/ubuntu/workspace/quickstart/vendor/laravel/framework/src/Illuminate/Routing/ControllerDispatcher.php:95
[09-Jun-2016 08:03:29 UTC] PHP  87. Symfony\Component\HttpFoundation\Response->__construct() /home/ubuntu/workspace/quickstart/vendor/laravel/framework/src/Illuminate/Routing/Router.php:1085
[09-Jun-2016 08:03:29 UTC] PHP  88. Illuminate\Http\Response->setContent() /home/ubuntu/workspace/quickstart/vendor/symfony/http-foundation/Response.php:199
[09-Jun-2016 08:03:29 UTC] PHP  89. Illuminate\View\View->render() /home/ubuntu/workspace/quickstart/vendor/laravel/framework/src/Illuminate/Http/Response.php:53
[09-Jun-2016 08:03:29 UTC] PHP  90. Illuminate\View\View->renderContents() /home/ubuntu/workspace/quickstart/vendor/laravel/framework/src/Illuminate/View/View.php:85
[09-Jun-2016 08:03:29 UTC] PHP  91. Illuminate\View\View->getContents() /home/ubuntu/workspace/quickstart/vendor/laravel/framework/src/Illuminate/View/View.php:120
[09-Jun-2016 08:03:29 UTC] PHP  92. Illuminate\View\Engines\CompilerEngine->get() /home/ubuntu/workspace/quickstart/vendor/laravel/framework/src/Illuminate/View/View.php:149
[09-Jun-2016 08:03:29 UTC] PHP  93. Illuminate\View\Engines\PhpEngine->evaluatePath() /home/ubuntu/workspace/quickstart/vendor/laravel/framework/src/Illuminate/View/Engines/CompilerEngine.php:59
[09-Jun-2016 08:03:38 UTC] PHP Parse error:  syntax error, unexpected 'task' (T_STRING) in /home/ubuntu/workspace/quickstart/storage/framework/views/b75e989173536d72a6fde299374bfae339d06f7e.php on line 23
[09-Jun-2016 08:03:38 UTC] PHP Stack trace:
[09-Jun-2016 08:03:38 UTC] PHP   1. {main}() /home/ubuntu/workspace/quickstart/public/index.php:0
[09-Jun-2016 08:03:38 UTC] PHP   2. Illuminate\Foundation\Http\Kernel->handle() /home/ubuntu/workspace/quickstart/public/index.php:54
[09-Jun-2016 08:03:38 UTC] PHP   3. Illuminate\Foundation\Http\Kernel->sendRequestThroughRouter() /home/ubuntu/workspace/quickstart/vendor/laravel/framework/src/Illuminate/Foundation/Http/Kernel.php:99
[09-Jun-2016 08:03:38 UTC] PHP   4. Illuminate\Pipeline\Pipeline->then() /home/ubuntu/workspace/quickstart/vendor/laravel/framework/src/Illuminate/Foundation/Http/Kernel.php:132
[09-Jun-2016 08:03:38 UTC] PHP   5. call_user_func:{/home/ubuntu/workspace/quickstart/vendor/laravel/framework/src/Illuminate/Pipeline/Pipeline.php:103}() /home/ubuntu/workspace/quickstart/vendor/laravel/framework/src/Illuminate/Pipeline/Pipeline.php:103
[09-Jun-2016 08:03:38 UTC] PHP   6. Illuminate\Routing\Pipeline->Illuminate\Routing\{closure}() /home/ubuntu/workspace/quickstart/vendor/laravel/framework/src/Illuminate/Pipeline/Pipeline.php:103
[09-Jun-2016 08:03:38 UTC] PHP   7. call_user_func:{/home/ubuntu/workspace/quickstart/vendor/laravel/framework/src/Illuminate/Routing/Pipeline.php:32}() /home/ubuntu/workspace/quickstart/vendor/laravel/framework/src/Illuminate/Routing/Pipeline.php:32
[09-Jun-2016 08:03:38 UTC] PHP   8. Illuminate\Pipeline\Pipeline->Illuminate\Pipeline\{closure}() /home/ubuntu/workspace/quickstart/vendor/laravel/framework/src/Illuminate/Routing/Pipeline.php:32
[09-Jun-2016 08:03:38 UTC] PHP   9. call_user_func_array:{/home/ubuntu/workspace/quickstart/vendor/laravel/framework/src/Illuminate/Pipeline/Pipeline.php:136}() /home/ubuntu/workspace/quickstart/vendor/laravel/framework/src/Illuminate/Pipeline/Pipeline.php:136
[09-Jun-2016 08:03:38 UTC] PHP  10. Illuminate\Foundation\Http\Middleware\CheckForMaintenanceMode->handle() /home/ubuntu/workspace/quickstart/vendor/laravel/framework/src/Illuminate/Pipeline/Pipeline.php:136
[09-Jun-2016 08:03:38 UTC] PHP  11. Illuminate\Routing\Pipeline->Illuminate\Routing\{closure}() /home/ubuntu/workspace/quickstart/vendor/laravel/framework/src/Illuminate/Foundation/Http/Middleware/CheckForMaintenanceMode.php:44
[09-Jun-2016 08:03:38 UTC] PHP  12. call_user_func:{/home/ubuntu/workspace/quickstart/vendor/laravel/framework/src/Illuminate/Routing/Pipeline.php:52}() /home/ubuntu/workspace/quickstart/vendor/laravel/framework/src/Illuminate/Routing/Pipeline.php:52
[09-Jun-2016 08:03:38 UTC] PHP  13. Illuminate\Foundation\Http\Kernel->Illuminate\Foundation\Http\{closure}() /home/ubuntu/workspace/quickstart/vendor/laravel/framework/src/Illuminate/Routing/Pipeline.php:52
[09-Jun-2016 08:03:38 UTC] PHP  14. Illuminate\Routing\Router->dispatch() /home/ubuntu/workspace/quickstart/vendor/laravel/framework/src/Illuminate/Foundation/Http/Kernel.php:246
[09-Jun-2016 08:03:38 UTC] PHP  15. Illuminate\Routing\Router->dispatchToRoute() /home/ubuntu/workspace/quickstart/vendor/laravel/framework/src/Illuminate/Routing/Router.php:675
[09-Jun-2016 08:03:38 UTC] PHP  16. Illuminate\Routing\Router->runRouteWithinStack() /home/ubuntu/workspace/quickstart/vendor/laravel/framework/src/Illuminate/Routing/Router.php:699
[09-Jun-2016 08:03:38 UTC] PHP  17. Illuminate\Pipeline\Pipeline->then() /home/ubuntu/workspace/quickstart/vendor/laravel/framework/src/Illuminate/Routing/Router.php:726
[09-Jun-2016 08:03:38 UTC] PHP  18. call_user_func:{/home/ubuntu/workspace/quickstart/vendor/laravel/framework/src/Illuminate/Pipeline/Pipeline.php:103}() /home/ubuntu/workspace/quickstart/vendor/laravel/framework/src/Illuminate/Pipeline/Pipeline.php:103
[09-Jun-2016 08:03:38 UTC] PHP  19. Illuminate\Routing\Pipeline->Illuminate\Routing\{closure}() /home/ubuntu/workspace/quickstart/vendor/laravel/framework/src/Illuminate/Pipeline/Pipeline.php:103
[09-Jun-2016 08:03:38 UTC] PHP  20. call_user_func:{/home/ubuntu/workspace/quickstart/vendor/laravel/framework/src/Illuminate/Routing/Pipeline.php:32}() /home/ubuntu/workspace/quickstart/vendor/laravel/framework/src/Illuminate/Routing/Pipeline.php:32
[09-Jun-2016 08:03:38 UTC] PHP  21. Illuminate\Pipeline\Pipeline->Illuminate\Pipeline\{closure}() /home/ubuntu/workspace/quickstart/vendor/laravel/framework/src/Illuminate/Routing/Pipeline.php:32
[09-Jun-2016 08:03:38 UTC] PHP  22. call_user_func_array:{/home/ubuntu/workspace/quickstart/vendor/laravel/framework/src/Illuminate/Pipeline/Pipeline.php:136}() /home/ubuntu/workspace/quickstart/vendor/laravel/framework/src/Illuminate/Pipeline/Pipeline.php:136
[09-Jun-2016 08:03:38 UTC] PHP  23. Illuminate\Cookie\Middleware\EncryptCookies->handle() /home/ubuntu/workspace/quickstart/vendor/laravel/framework/src/Illuminate/Pipeline/Pipeline.php:136
[09-Jun-2016 08:03:38 UTC] PHP  24. Illuminate\Routing\Pipeline->Illuminate\Routing\{closure}() /home/ubuntu/workspace/quickstart/vendor/laravel/framework/src/Illuminate/Cookie/Middleware/EncryptCookies.php:59
[09-Jun-2016 08:03:38 UTC] PHP  25. call_user_func:{/home/ubuntu/workspace/quickstart/vendor/laravel/framework/src/Illuminate/Routing/Pipeline.php:32}() /home/ubuntu/workspace/quickstart/vendor/laravel/framework/src/Illuminate/Routing/Pipeline.php:32
[09-Jun-2016 08:03:38 UTC] PHP  26. Illuminate\Pipeline\Pipeline->Illuminate\Pipeline\{closure}() /home/ubuntu/workspace/quickstart/vendor/laravel/framework/src/Illuminate/Routing/Pipeline.php:32
[09-Jun-2016 08:03:38 UTC] PHP  27. call_user_func_array:{/home/ubuntu/workspace/quickstart/vendor/laravel/framework/src/Illuminate/Pipeline/Pipeline.php:136}() /home/ubuntu/workspace/quickstart/vendor/laravel/framework/src/Illuminate/Pipeline/Pipeline.php:136
[09-Jun-2016 08:03:38 UTC] PHP  28. Illuminate\Cookie\Middleware\AddQueuedCookiesToResponse->handle() /home/ubuntu/workspace/quickstart/vendor/laravel/framework/src/Illuminate/Pipeline/Pipeline.php:136
[09-Jun-2016 08:03:38 UTC] PHP  29. Illuminate\Routing\Pipeline->Illuminate\Routing\{closure}() /home/ubuntu/workspace/quickstart/vendor/laravel/framework/src/Illuminate/Cookie/Middleware/AddQueuedCookiesToResponse.php:37
[09-Jun-2016 08:03:38 UTC] PHP  30. call_user_func:{/home/ubuntu/workspace/quickstart/vendor/laravel/framework/src/Illuminate/Routing/Pipeline.php:32}() /home/ubuntu/workspace/quickstart/vendor/laravel/framework/src/Illuminate/Routing/Pipeline.php:32
[09-Jun-2016 08:03:38 UTC] PHP  31. Illuminate\Pipeline\Pipeline->Illuminate\Pipeline\{closure}() /home/ubuntu/workspace/quickstart/vendor/laravel/framework/src/Illuminate/Routing/Pipeline.php:32
[09-Jun-2016 08:03:38 UTC] PHP  32. call_user_func_array:{/home/ubuntu/workspace/quickstart/vendor/laravel/framework/src/Illuminate/Pipeline/Pipeline.php:136}() /home/ubuntu/workspace/quickstart/vendor/laravel/framework/src/Illuminate/Pipeline/Pipeline.php:136
[09-Jun-2016 08:03:38 UTC] PHP  33. Illuminate\Session\Middleware\StartSession->handle() /home/ubuntu/workspace/quickstart/vendor/laravel/framework/src/Illuminate/Pipeline/Pipeline.php:136
[09-Jun-2016 08:03:38 UTC] PHP  34. Illuminate\Routing\Pipeline->Illuminate\Routing\{closure}() /home/ubuntu/workspace/quickstart/vendor/laravel/framework/src/Illuminate/Session/Middleware/StartSession.php:62
[09-Jun-2016 08:03:38 UTC] PHP  35. call_user_func:{/home/ubuntu/workspace/quickstart/vendor/laravel/framework/src/Illuminate/Routing/Pipeline.php:32}() /home/ubuntu/workspace/quickstart/vendor/laravel/framework/src/Illuminate/Routing/Pipeline.php:32
[09-Jun-2016 08:03:38 UTC] PHP  36. Illuminate\Pipeline\Pipeline->Illuminate\Pipeline\{closure}() /home/ubuntu/workspace/quickstart/vendor/laravel/framework/src/Illuminate/Routing/Pipeline.php:32
[09-Jun-2016 08:03:38 UTC] PHP  37. call_user_func_array:{/home/ubuntu/workspace/quickstart/vendor/laravel/framework/src/Illuminate/Pipeline/Pipeline.php:136}() /home/ubuntu/workspace/quickstart/vendor/laravel/framework/src/Illuminate/Pipeline/Pipeline.php:136
[09-Jun-2016 08:03:38 UTC] PHP  38. Illuminate\View\Middleware\ShareErrorsFromSession->handle() /home/ubuntu/workspace/quickstart/vendor/laravel/framework/src/Illuminate/Pipeline/Pipeline.php:136
[09-Jun-2016 08:03:38 UTC] PHP  39. Illuminate\Routing\Pipeline->Illuminate\Routing\{closure}() /home/ubuntu/workspace/quickstart/vendor/laravel/framework/src/Illuminate/View/Middleware/ShareErrorsFromSession.php:49
[09-Jun-2016 08:03:38 UTC] PHP  40. call_user_func:{/home/ubuntu/workspace/quickstart/vendor/laravel/framework/src/Illuminate/Routing/Pipeline.php:32}() /home/ubuntu/workspace/quickstart/vendor/laravel/framework/src/Illuminate/Routing/Pipeline.php:32
[09-Jun-2016 08:03:38 UTC] PHP  41. Illuminate\Pipeline\Pipeline->Illuminate\Pipeline\{closure}() /home/ubuntu/workspace/quickstart/vendor/laravel/framework/src/Illuminate/Routing/Pipeline.php:32
[09-Jun-2016 08:03:38 UTC] PHP  42. call_user_func_array:{/home/ubuntu/workspace/quickstart/vendor/laravel/framework/src/Illuminate/Pipeline/Pipeline.php:136}() /home/ubuntu/workspace/quickstart/vendor/laravel/framework/src/Illuminate/Pipeline/Pipeline.php:136
[09-Jun-2016 08:03:38 UTC] PHP  43. Illuminate\Foundation\Http\Middleware\VerifyCsrfToken->handle() /home/ubuntu/workspace/quickstart/vendor/laravel/framework/src/Illuminate/Pipeline/Pipeline.php:136
[09-Jun-2016 08:03:38 UTC] PHP  44. Illuminate\Routing\Pipeline->Illuminate\Routing\{closure}() /home/ubuntu/workspace/quickstart/vendor/laravel/framework/src/Illuminate/Foundation/Http/Middleware/VerifyCsrfToken.php:64
[09-Jun-2016 08:03:38 UTC] PHP  45. call_user_func:{/home/ubuntu/workspace/quickstart/vendor/laravel/framework/src/Illuminate/Routing/Pipeline.php:32}() /home/ubuntu/workspace/quickstart/vendor/laravel/framework/src/Illuminate/Routing/Pipeline.php:32
[09-Jun-2016 08:03:38 UTC] PHP  46. Illuminate\Pipeline\Pipeline->Illuminate\Pipeline\{closure}() /home/ubuntu/workspace/quickstart/vendor/laravel/framework/src/Illuminate/Routing/Pipeline.php:32
[09-Jun-2016 08:03:38 UTC] PHP  47. call_user_func_array:{/home/ubuntu/workspace/quickstart/vendor/laravel/framework/src/Illuminate/Pipeline/Pipeline.php:136}() /home/ubuntu/workspace/quickstart/vendor/laravel/framework/src/Illuminate/Pipeline/Pipeline.php:136
[09-Jun-2016 08:03:38 UTC] PHP  48. Illuminate\Cookie\Middleware\EncryptCookies->handle() /home/ubuntu/workspace/quickstart/vendor/laravel/framework/src/Illuminate/Pipeline/Pipeline.php:136
[09-Jun-2016 08:03:38 UTC] PHP  49. Illuminate\Routing\Pipeline->Illuminate\Routing\{closure}() /home/ubuntu/workspace/quickstart/vendor/laravel/framework/src/Illuminate/Cookie/Middleware/EncryptCookies.php:59
[09-Jun-2016 08:03:38 UTC] PHP  50. call_user_func:{/home/ubuntu/workspace/quickstart/vendor/laravel/framework/src/Illuminate/Routing/Pipeline.php:32}() /home/ubuntu/workspace/quickstart/vendor/laravel/framework/src/Illuminate/Routing/Pipeline.php:32
[09-Jun-2016 08:03:38 UTC] PHP  51. Illuminate\Pipeline\Pipeline->Illuminate\Pipeline\{closure}() /home/ubuntu/workspace/quickstart/vendor/laravel/framework/src/Illuminate/Routing/Pipeline.php:32
[09-Jun-2016 08:03:38 UTC] PHP  52. call_user_func_array:{/home/ubuntu/workspace/quickstart/vendor/laravel/framework/src/Illuminate/Pipeline/Pipeline.php:136}() /home/ubuntu/workspace/quickstart/vendor/laravel/framework/src/Illuminate/Pipeline/Pipeline.php:136
[09-Jun-2016 08:03:38 UTC] PHP  53. Illuminate\Cookie\Middleware\AddQueuedCookiesToResponse->handle() /home/ubuntu/workspace/quickstart/vendor/laravel/framework/src/Illuminate/Pipeline/Pipeline.php:136
[09-Jun-2016 08:03:38 UTC] PHP  54. Illuminate\Routing\Pipeline->Illuminate\Routing\{closure}() /home/ubuntu/workspace/quickstart/vendor/laravel/framework/src/Illuminate/Cookie/Middleware/AddQueuedCookiesToResponse.php:37
[09-Jun-2016 08:03:38 UTC] PHP  55. call_user_func:{/home/ubuntu/workspace/quickstart/vendor/laravel/framework/src/Illuminate/Routing/Pipeline.php:32}() /home/ubuntu/workspace/quickstart/vendor/laravel/framework/src/Illuminate/Routing/Pipeline.php:32
[09-Jun-2016 08:03:38 UTC] PHP  56. Illuminate\Pipeline\Pipeline->Illuminate\Pipeline\{closure}() /home/ubuntu/workspace/quickstart/vendor/laravel/framework/src/Illuminate/Routing/Pipeline.php:32
[09-Jun-2016 08:03:38 UTC] PHP  57. call_user_func_array:{/home/ubuntu/workspace/quickstart/vendor/laravel/framework/src/Illuminate/Pipeline/Pipeline.php:136}() /home/ubuntu/workspace/quickstart/vendor/laravel/framework/src/Illuminate/Pipeline/Pipeline.php:136
[09-Jun-2016 08:03:38 UTC] PHP  58. Illuminate\Session\Middleware\StartSession->handle() /home/ubuntu/workspace/quickstart/vendor/laravel/framework/src/Illuminate/Pipeline/Pipeline.php:136
[09-Jun-2016 08:03:38 UTC] PHP  59. Illuminate\Routing\Pipeline->Illuminate\Routing\{closure}() /home/ubuntu/workspace/quickstart/vendor/laravel/framework/src/Illuminate/Session/Middleware/StartSession.php:62
[09-Jun-2016 08:03:38 UTC] PHP  60. call_user_func:{/home/ubuntu/workspace/quickstart/vendor/laravel/framework/src/Illuminate/Routing/Pipeline.php:32}() /home/ubuntu/workspace/quickstart/vendor/laravel/framework/src/Illuminate/Routing/Pipeline.php:32
[09-Jun-2016 08:03:38 UTC] PHP  61. Illuminate\Pipeline\Pipeline->Illuminate\Pipeline\{closure}() /home/ubuntu/workspace/quickstart/vendor/laravel/framework/src/Illuminate/Routing/Pipeline.php:32
[09-Jun-2016 08:03:38 UTC] PHP  62. call_user_func_array:{/home/ubuntu/workspace/quickstart/vendor/laravel/framework/src/Illuminate/Pipeline/Pipeline.php:136}() /home/ubuntu/workspace/quickstart/vendor/laravel/framework/src/Illuminate/Pipeline/Pipeline.php:136
[09-Jun-2016 08:03:38 UTC] PHP  63. Illuminate\View\Middleware\ShareErrorsFromSession->handle() /home/ubuntu/workspace/quickstart/vendor/laravel/framework/src/Illuminate/Pipeline/Pipeline.php:136
[09-Jun-2016 08:03:38 UTC] PHP  64. Illuminate\Routing\Pipeline->Illuminate\Routing\{closure}() /home/ubuntu/workspace/quickstart/vendor/laravel/framework/src/Illuminate/View/Middleware/ShareErrorsFromSession.php:49
[09-Jun-2016 08:03:38 UTC] PHP  65. call_user_func:{/home/ubuntu/workspace/quickstart/vendor/laravel/framework/src/Illuminate/Routing/Pipeline.php:32}() /home/ubuntu/workspace/quickstart/vendor/laravel/framework/src/Illuminate/Routing/Pipeline.php:32
[09-Jun-2016 08:03:38 UTC] PHP  66. Illuminate\Pipeline\Pipeline->Illuminate\Pipeline\{closure}() /home/ubuntu/workspace/quickstart/vendor/laravel/framework/src/Illuminate/Routing/Pipeline.php:32
[09-Jun-2016 08:03:38 UTC] PHP  67. call_user_func_array:{/home/ubuntu/workspace/quickstart/vendor/laravel/framework/src/Illuminate/Pipeline/Pipeline.php:136}() /home/ubuntu/workspace/quickstart/vendor/laravel/framework/src/Illuminate/Pipeline/Pipeline.php:136
[09-Jun-2016 08:03:38 UTC] PHP  68. Illuminate\Foundation\Http\Middleware\VerifyCsrfToken->handle() /home/ubuntu/workspace/quickstart/vendor/laravel/framework/src/Illuminate/Pipeline/Pipeline.php:136
[09-Jun-2016 08:03:38 UTC] PHP  69. Illuminate\Routing\Pipeline->Illuminate\Routing\{closure}() /home/ubuntu/workspace/quickstart/vendor/laravel/framework/src/Illuminate/Foundation/Http/Middleware/VerifyCsrfToken.php:64
[09-Jun-2016 08:03:38 UTC] PHP  70. call_user_func:{/home/ubuntu/workspace/quickstart/vendor/laravel/framework/src/Illuminate/Routing/Pipeline.php:52}() /home/ubuntu/workspace/quickstart/vendor/laravel/framework/src/Illuminate/Routing/Pipeline.php:52
[09-Jun-2016 08:03:38 UTC] PHP  71. Illuminate\Routing\Router->Illuminate\Routing\{closure}() /home/ubuntu/workspace/quickstart/vendor/laravel/framework/src/Illuminate/Routing/Pipeline.php:52
[09-Jun-2016 08:03:38 UTC] PHP  72. Illuminate\Routing\Route->run() /home/ubuntu/workspace/quickstart/vendor/laravel/framework/src/Illuminate/Routing/Router.php:724
[09-Jun-2016 08:03:38 UTC] PHP  73. Illuminate\Routing\Route->runController() /home/ubuntu/workspace/quickstart/vendor/laravel/framework/src/Illuminate/Routing/Route.php:140
[09-Jun-2016 08:03:38 UTC] PHP  74. Illuminate\Routing\ControllerDispatcher->dispatch() /home/ubuntu/workspace/quickstart/vendor/laravel/framework/src/Illuminate/Routing/Route.php:174
[09-Jun-2016 08:03:38 UTC] PHP  75. Illuminate\Routing\ControllerDispatcher->callWithinStack() /home/ubuntu/workspace/quickstart/vendor/laravel/framework/src/Illuminate/Routing/ControllerDispatcher.php:54
[09-Jun-2016 08:03:38 UTC] PHP  76. Illuminate\Pipeline\Pipeline->then() /home/ubuntu/workspace/quickstart/vendor/laravel/framework/src/Illuminate/Routing/ControllerDispatcher.php:96
[09-Jun-2016 08:03:38 UTC] PHP  77. call_user_func:{/home/ubuntu/workspace/quickstart/vendor/laravel/framework/src/Illuminate/Pipeline/Pipeline.php:103}() /home/ubuntu/workspace/quickstart/vendor/laravel/framework/src/Illuminate/Pipeline/Pipeline.php:103
[09-Jun-2016 08:03:38 UTC] PHP  78. Illuminate\Routing\Pipeline->Illuminate\Routing\{closure}() /home/ubuntu/workspace/quickstart/vendor/laravel/framework/src/Illuminate/Pipeline/Pipeline.php:103
[09-Jun-2016 08:03:38 UTC] PHP  79. call_user_func:{/home/ubuntu/workspace/quickstart/vendor/laravel/framework/src/Illuminate/Routing/Pipeline.php:32}() /home/ubuntu/workspace/quickstart/vendor/laravel/framework/src/Illuminate/Routing/Pipeline.php:32
[09-Jun-2016 08:03:38 UTC] PHP  80. Illuminate\Pipeline\Pipeline->Illuminate\Pipeline\{closure}() /home/ubuntu/workspace/quickstart/vendor/laravel/framework/src/Illuminate/Routing/Pipeline.php:32
[09-Jun-2016 08:03:38 UTC] PHP  81. call_user_func_array:{/home/ubuntu/workspace/quickstart/vendor/laravel/framework/src/Illuminate/Pipeline/Pipeline.php:136}() /home/ubuntu/workspace/quickstart/vendor/laravel/framework/src/Illuminate/Pipeline/Pipeline.php:136
[09-Jun-2016 08:03:38 UTC] PHP  82. App\Http\Middleware\Authenticate->handle() /home/ubuntu/workspace/quickstart/vendor/laravel/framework/src/Illuminate/Pipeline/Pipeline.php:136
[09-Jun-2016 08:03:38 UTC] PHP  83. Illuminate\Routing\Pipeline->Illuminate\Routing\{closure}() /home/ubuntu/workspace/quickstart/app/Http/Middleware/Authenticate.php:28
[09-Jun-2016 08:03:38 UTC] PHP  84. call_user_func:{/home/ubuntu/workspace/quickstart/vendor/laravel/framework/src/Illuminate/Routing/Pipeline.php:52}() /home/ubuntu/workspace/quickstart/vendor/laravel/framework/src/Illuminate/Routing/Pipeline.php:52
[09-Jun-2016 08:03:38 UTC] PHP  85. Illuminate\Routing\ControllerDispatcher->Illuminate\Routing\{closure}() /home/ubuntu/workspace/quickstart/vendor/laravel/framework/src/Illuminate/Routing/Pipeline.php:52
[09-Jun-2016 08:03:38 UTC] PHP  86. Illuminate\Routing\Router->prepareResponse() /home/ubuntu/workspace/quickstart/vendor/laravel/framework/src/Illuminate/Routing/ControllerDispatcher.php:95
[09-Jun-2016 08:03:38 UTC] PHP  87. Symfony\Component\HttpFoundation\Response->__construct() /home/ubuntu/workspace/quickstart/vendor/laravel/framework/src/Illuminate/Routing/Router.php:1085
[09-Jun-2016 08:03:38 UTC] PHP  88. Illuminate\Http\Response->setContent() /home/ubuntu/workspace/quickstart/vendor/symfony/http-foundation/Response.php:199
[09-Jun-2016 08:03:38 UTC] PHP  89. Illuminate\View\View->render() /home/ubuntu/workspace/quickstart/vendor/laravel/framework/src/Illuminate/Http/Response.php:53
[09-Jun-2016 08:03:38 UTC] PHP  90. Illuminate\View\View->renderContents() /home/ubuntu/workspace/quickstart/vendor/laravel/framework/src/Illuminate/View/View.php:85
[09-Jun-2016 08:03:38 UTC] PHP  91. Illuminate\View\View->getContents() /home/ubuntu/workspace/quickstart/vendor/laravel/framework/src/Illuminate/View/View.php:120
[09-Jun-2016 08:03:38 UTC] PHP  92. Illuminate\View\Engines\CompilerEngine->get() /home/ubuntu/workspace/quickstart/vendor/laravel/framework/src/Illuminate/View/View.php:149
[09-Jun-2016 08:03:38 UTC] PHP  93. Illuminate\View\Engines\PhpEngine->evaluatePath() /home/ubuntu/workspace/quickstart/vendor/laravel/framework/src/Illuminate/View/Engines/CompilerEngine.php:59
